#-----------------------------------------------------------
# Vivado v2020.2.2 (64-bit)
# SW Build 3118627 on Tue Feb  9 05:14:06 MST 2021
# IP Build 3115676 on Tue Feb  9 10:48:11 MST 2021
# Start of session at: Thu Apr 15 23:50:41 2021
# Process ID: 13728
# Current directory: C:/Users/Labmems/GDriveTEC/Courses/TE1011 Laboratorio de Sistemas Digitales/Laboratories/LSD08/Vivado
# Command line: vivado.exe -gui_launcher_event rodinguilauncherevent18244 C:\Users\Labmems\GDriveTEC\Courses\TE1011 Laboratorio de Sistemas Digitales\Laboratories\LSD08\Vivado\LSD08.xpr
# Log file: C:/Users/Labmems/GDriveTEC/Courses/TE1011 Laboratorio de Sistemas Digitales/Laboratories/LSD08/Vivado/vivado.log
# Journal file: C:/Users/Labmems/GDriveTEC/Courses/TE1011 Laboratorio de Sistemas Digitales/Laboratories/LSD08/Vivado\vivado.jou
#-----------------------------------------------------------
start_gui
open_project {C:/Users/Labmems/GDriveTEC/Courses/TE1011 Laboratorio de Sistemas Digitales/Laboratories/LSD08/Vivado/LSD08.xpr}
INFO: [ProjectBase 1-489] The host OS only allows 260 characters in a normal path. The project is stored in a path with more than 80 characters. If you experience issues with IP, Block Designs, or files not being found, please consider moving the project to a location with a shorter path. Alternately consider using the OS subst command to map part of the path to a drive letter.
Current project path is 'C:/Users/Labmems/GDriveTEC/Courses/TE1011 Laboratorio de Sistemas Digitales/Laboratories/LSD08/Vivado'
WARNING: [filemgmt 56-3] Default IP Output Path : Could not find the directory 'C:/Users/Labmems/GDriveTEC/Courses/TE1011 Laboratorio de Sistemas Digitales/Laboratories/LSD08/Vivado/LSD08.gen/sources_1'.
Scanning sources...
Finished scanning sources
INFO: [IP_Flow 19-234] Refreshing IP repositories
INFO: [IP_Flow 19-1704] No user IP repositories specified
INFO: [IP_Flow 19-2313] Loaded Vivado IP repository 'C:/Xilinx/Vivado/2020.2/data/ip'.
open_project: Time (s): cpu = 00:00:14 ; elapsed = 00:00:06 . Memory (MB): peak = 1027.328 ; gain = 0.000
update_compile_order -fileset sources_1
